--- Starting bitbake server pid 262600 at 2019-06-13 16:09:39.720127 ---
Started bitbake server pid 262600
Entering server connection loop
DEBUG: Found bblayers.conf (/home/bendisch/yocto/wegax/build/conf/bblayers.conf)
DEBUG: Adding layer /home/bendisch/yocto/wegax/sources/poky/meta
DEBUG: Adding layer /home/bendisch/yocto/wegax/sources/poky/meta-poky
DEBUG: Adding layer /home/bendisch/yocto/wegax/sources/poky/../meta-openembedded/meta-oe
DEBUG: Adding layer /home/bendisch/yocto/wegax/sources/poky/../meta-openembedded/meta-networking
DEBUG: Adding layer /home/bendisch/yocto/wegax/sources/poky/../meta-openembedded/meta-python
DEBUG: Adding layer /home/bendisch/yocto/wegax/sources/poky/../meta-openembedded/meta-multimedia
DEBUG: Adding layer /home/bendisch/yocto/wegax/sources/poky/../meta-gstreamer1.0
DEBUG: Adding layer /home/bendisch/yocto/wegax/sources/poky/../meta-phytec
DEBUG: Adding layer /home/bendisch/yocto/wegax/sources/poky/../meta-qt5
DEBUG: Adding layer /home/bendisch/yocto/wegax/sources/poky/../meta-rauc
DEBUG: Adding layer /home/bendisch/yocto/wegax/sources/poky/../meta-yogurt
DEBUG: Adding layer /home/bendisch/yocto/wegax/sources/poky/../meta-rtlwifi
DEBUG: CONF /home/bendisch/yocto/wegax/sources/poky/meta/conf/bitbake.conf:746: including conf/abi_version.conf
DEBUG: CONF /home/bendisch/yocto/wegax/sources/poky/meta/conf/bitbake.conf:747: including conf/site.conf
DEBUG: CONF /home/bendisch/yocto/wegax/sources/poky/meta/conf/bitbake.conf:748: including conf/auto.conf
DEBUG: CONF file 'conf/auto.conf' not found
DEBUG: CONF /home/bendisch/yocto/wegax/sources/poky/meta/conf/bitbake.conf:749: including conf/local.conf
DEBUG: CONF /home/bendisch/yocto/wegax/sources/poky/meta/conf/bitbake.conf:750: including conf/multiconfig/default.conf
DEBUG: CONF /home/bendisch/yocto/wegax/sources/poky/meta/conf/bitbake.conf:751: including conf/machine/phyboard-wega-am335x-2.conf
DEBUG: CONF /home/bendisch/yocto/wegax/sources/poky/../meta-phytec/conf/machine/phyboard-wega-am335x-2.conf:7: including conf/machine/include/phyam335x.inc
DEBUG: CONF /home/bendisch/yocto/wegax/sources/poky/../meta-phytec/conf/machine/include/phyam335x.inc:3: including conf/machine/include/soc-family.inc
DEBUG: CONF /home/bendisch/yocto/wegax/sources/poky/../meta-phytec/conf/machine/include/phyam335x.inc:5: including conf/machine/include/tune-cortexa8.inc
DEBUG: CONF /home/bendisch/yocto/wegax/sources/poky/meta/conf/machine/include/tune-cortexa8.inc:3: including conf/machine/include/arm/arch-armv7a.inc
DEBUG: CONF /home/bendisch/yocto/wegax/sources/poky/meta/conf/machine/include/arm/arch-armv7a.inc:8: including conf/machine/include/arm/arch-armv6.inc
DEBUG: CONF /home/bendisch/yocto/wegax/sources/poky/meta/conf/machine/include/arm/arch-armv6.inc:8: including conf/machine/include/arm/arch-armv5-dsp.inc
DEBUG: CONF /home/bendisch/yocto/wegax/sources/poky/meta/conf/machine/include/arm/arch-armv5-dsp.inc:4: including conf/machine/include/arm/arch-armv5.inc
DEBUG: CONF /home/bendisch/yocto/wegax/sources/poky/meta/conf/machine/include/arm/arch-armv5.inc:8: including conf/machine/include/arm/arch-armv4.inc
DEBUG: CONF /home/bendisch/yocto/wegax/sources/poky/meta/conf/machine/include/arm/arch-armv4.inc:15: including conf/machine/include/arm/arch-arm.inc
DEBUG: CONF /home/bendisch/yocto/wegax/sources/poky/meta/conf/machine/include/arm/arch-armv4.inc:16: including conf/machine/include/arm/feature-arm-thumb.inc
DEBUG: CONF /home/bendisch/yocto/wegax/sources/poky/meta/conf/machine/include/arm/arch-armv5.inc:9: including conf/machine/include/arm/feature-arm-vfp.inc
DEBUG: CONF /home/bendisch/yocto/wegax/sources/poky/meta/conf/machine/include/arm/arch-armv7a.inc:9: including conf/machine/include/arm/feature-arm-neon.inc
DEBUG: CONF /home/bendisch/yocto/wegax/sources/poky/meta/conf/bitbake.conf:752: including conf/machine-sdk/x86_64.conf
DEBUG: CONF /home/bendisch/yocto/wegax/sources/poky/meta/conf/bitbake.conf:753: including conf/distro/yogurt.conf
DEBUG: CONF /home/bendisch/yocto/wegax/sources/poky/../meta-yogurt/conf/distro/yogurt.conf:1: including conf/distro/poky.conf
DEBUG: CONF /home/bendisch/yocto/wegax/sources/poky/meta-poky/conf/distro/poky.conf:96: including conf/distro/include/poky-world-exclude.inc
DEBUG: CONF /home/bendisch/yocto/wegax/sources/poky/meta-poky/conf/distro/poky.conf:97: including conf/distro/include/no-static-libs.inc
DEBUG: CONF /home/bendisch/yocto/wegax/sources/poky/meta-poky/conf/distro/poky.conf:98: including conf/distro/include/yocto-uninative.inc
DEBUG: CONF /home/bendisch/yocto/wegax/sources/poky/../meta-yogurt/conf/distro/yogurt.conf:2: including common.inc
DEBUG: CONF /home/bendisch/yocto/wegax/sources/poky/meta/conf/bitbake.conf:754: including conf/distro/defaultsetup.conf
DEBUG: CONF /home/bendisch/yocto/wegax/sources/poky/meta/conf/distro/defaultsetup.conf:1: including conf/distro/include/default-providers.inc
DEBUG: CONF /home/bendisch/yocto/wegax/sources/poky/meta/conf/distro/defaultsetup.conf:2: including conf/distro/include/default-versions.inc
DEBUG: CONF /home/bendisch/yocto/wegax/sources/poky/meta/conf/distro/defaultsetup.conf:3: including conf/distro/include/default-distrovars.inc
DEBUG: CONF /home/bendisch/yocto/wegax/sources/poky/meta/conf/distro/defaultsetup.conf:4: including conf/distro/include/world-broken.inc
DEBUG: CONF /home/bendisch/yocto/wegax/sources/poky/meta/conf/distro/defaultsetup.conf:7: including conf/distro/include/tcmode-default.inc
DEBUG: CONF /home/bendisch/yocto/wegax/sources/poky/meta/conf/distro/include/tcmode-default.inc:73: including conf/distro/include/as-needed.inc
DEBUG: CONF /home/bendisch/yocto/wegax/sources/poky/meta/conf/distro/defaultsetup.conf:10: including conf/distro/include/tclibc-glibc.inc
DEBUG: CONF /home/bendisch/yocto/wegax/sources/poky/meta/conf/distro/defaultsetup.conf:12: including conf/distro/include/uninative-flags.inc
DEBUG: CONF /home/bendisch/yocto/wegax/sources/poky/meta/conf/bitbake.conf:755: including conf/documentation.conf
DEBUG: CONF /home/bendisch/yocto/wegax/sources/poky/meta/conf/bitbake.conf:756: including conf/licenses.conf
DEBUG: CONF /home/bendisch/yocto/wegax/sources/poky/meta/conf/bitbake.conf:757: including conf/sanity.conf
DEBUG: Inheriting /home/bendisch/yocto/wegax/sources/poky/meta/classes/base.bbclass (from configuration INHERITs:0)
DEBUG: Inheriting /home/bendisch/yocto/wegax/sources/poky/meta/classes/patch.bbclass (from /home/bendisch/yocto/wegax/sources/poky/meta/classes/base.bbclass:4)
DEBUG: Inheriting /home/bendisch/yocto/wegax/sources/poky/meta/classes/terminal.bbclass (from /home/bendisch/yocto/wegax/sources/poky/meta/classes/patch.bbclass:11)
DEBUG: Inheriting /home/bendisch/yocto/wegax/sources/poky/meta/classes/staging.bbclass (from /home/bendisch/yocto/wegax/sources/poky/meta/classes/base.bbclass:5)
DEBUG: Inheriting /home/bendisch/yocto/wegax/sources/poky/meta/classes/mirrors.bbclass (from /home/bendisch/yocto/wegax/sources/poky/meta/classes/base.bbclass:7)
DEBUG: Inheriting /home/bendisch/yocto/wegax/sources/poky/meta/classes/utils.bbclass (from /home/bendisch/yocto/wegax/sources/poky/meta/classes/base.bbclass:8)
DEBUG: Inheriting /home/bendisch/yocto/wegax/sources/poky/meta/classes/utility-tasks.bbclass (from /home/bendisch/yocto/wegax/sources/poky/meta/classes/base.bbclass:9)
DEBUG: Inheriting /home/bendisch/yocto/wegax/sources/poky/meta/classes/metadata_scm.bbclass (from /home/bendisch/yocto/wegax/sources/poky/meta/classes/base.bbclass:10)
Accepting [<socket.socket fd=7, family=AddressFamily.AF_UNIX, type=SocketKind.SOCK_STREAM, proto=0, laddr=bitbake.sock>]
DEBUG: Inheriting /home/bendisch/yocto/wegax/sources/poky/meta/classes/logging.bbclass (from /home/bendisch/yocto/wegax/sources/poky/meta/classes/base.bbclass:11)
DEBUG: Inheriting /home/bendisch/yocto/wegax/sources/poky/meta-poky/classes/poky-sanity.bbclass (from configuration INHERITs:0)
DEBUG: Inheriting /home/bendisch/yocto/wegax/sources/poky/meta/classes/uninative.bbclass (from configuration INHERITs:0)
DEBUG: Inheriting /home/bendisch/yocto/wegax/sources/poky/meta/classes/sanity.bbclass (from configuration INHERITs:0)
DEBUG: Inheriting /home/bendisch/yocto/wegax/sources/poky/../meta-phytec/classes/phytec-mirrors.bbclass (from configuration INHERITs:0)
DEBUG: Inheriting /home/bendisch/yocto/wegax/sources/poky/meta/classes/insane.bbclass (from configuration INHERITs:0)
DEBUG: Inheriting /home/bendisch/yocto/wegax/sources/poky/meta/classes/buildhistory.bbclass (from configuration INHERITs:0)
DEBUG: Inheriting /home/bendisch/yocto/wegax/sources/poky/meta/classes/buildstats.bbclass (from configuration INHERITs:0)
DEBUG: Inheriting /home/bendisch/yocto/wegax/sources/poky/meta/classes/image-prelink.bbclass (from configuration INHERITs:0)
DEBUG: Inheriting /home/bendisch/yocto/wegax/sources/poky/meta/classes/linuxloader.bbclass (from /home/bendisch/yocto/wegax/sources/poky/meta/classes/image-prelink.bbclass:9)
DEBUG: Inheriting /home/bendisch/yocto/wegax/sources/poky/meta/classes/image-mklibs.bbclass (from configuration INHERITs:0)
DEBUG: Inheriting /home/bendisch/yocto/wegax/sources/poky/meta/classes/package_ipk.bbclass (from configuration INHERITs:0)
DEBUG: Inheriting /home/bendisch/yocto/wegax/sources/poky/meta/classes/package.bbclass (from /home/bendisch/yocto/wegax/sources/poky/meta/classes/package_ipk.bbclass:1)
DEBUG: Inheriting /home/bendisch/yocto/wegax/sources/poky/meta/classes/packagedata.bbclass (from /home/bendisch/yocto/wegax/sources/poky/meta/classes/package.bbclass:41)
DEBUG: Inheriting /home/bendisch/yocto/wegax/sources/poky/meta/classes/chrpath.bbclass (from /home/bendisch/yocto/wegax/sources/poky/meta/classes/package.bbclass:42)
DEBUG: Inheriting /home/bendisch/yocto/wegax/sources/poky/meta/classes/debian.bbclass (from configuration INHERITs:0)
DEBUG: Inheriting /home/bendisch/yocto/wegax/sources/poky/meta/classes/devshell.bbclass (from configuration INHERITs:0)
DEBUG: Inheriting /home/bendisch/yocto/wegax/sources/poky/meta/classes/sstate.bbclass (from configuration INHERITs:0)
DEBUG: Inheriting /home/bendisch/yocto/wegax/sources/poky/meta/classes/license.bbclass (from configuration INHERITs:0)
DEBUG: Inheriting /home/bendisch/yocto/wegax/sources/poky/meta/classes/remove-libtool.bbclass (from configuration INHERITs:0)
DEBUG: Inheriting /home/bendisch/yocto/wegax/sources/poky/meta/classes/blacklist.bbclass (from configuration INHERITs:0)
DEBUG: Clearing SRCREV cache due to cache policy of: clear
DEBUG: Using cache in '/home/bendisch/yocto/wegax/build/cache/local_file_checksum_cache.dat'
DEBUG: Using cache in '/home/bendisch/yocto/wegax/build/cache/bb_codeparser.dat'
DEBUG: Enabling uninative
Connecting Client
Running command ['setFeatures', [2]]
Running command ['updateConfig', {'postfile': [], 'server_timeout': None, 'verbose': False, 'debug': 0, 'dry_run': False, 'abort': True, 'extra_assume_provided': [], 'invalidate_stamp': None, 'debug_domains': [], 'force': False, 'dump_signatures': [], 'profile': False, 'prefile': []}, {'BBPATH': '/home/bendisch/yocto/wegax/build', 'SSH_TTY': '/dev/pts/5', 'TERM': 'xterm-256color', 'PATH': '/home/bendisch/yocto/wegax/sources/poky/scripts:/home/bendisch/yocto/wegax/sources/poky/bitbake/bin:/usr/local/sbin:/usr/local/bin:/usr/sbin:/usr/bin:/sbin:/bin:/usr/games:/usr/local/games:/snap/bin', 'PWD': '/home/bendisch/yocto/wegax/sources/meta-rtlwifi/recipes-bsp/drivers/files', 'XDG_DATA_DIRS': '/usr/local/share:/usr/share:/var/lib/snapd/desktop', 'SHELL': '/bin/bash', '_': '/home/bendisch/yocto/wegax/sources/poky/bitbake/bin/bitbake', 'KRB5CCNAME': 'FILE:/tmp/krb5cc_19890_A3w1kyVe7S', 'SSH_AUTH_SOCK': '/tmp/ssh-1KVBMowAeM/agent.436324', 'SHLVL': '1', 'USER': 'bendisch', 'XDG_RUNTIME_DIR': '/run/user/19890', 'EDITOR': 'vim', 'MAIL': '/var/mail/bendisch', 'LANG': 'de_DE.UTF-8', 'OLDPWD': '/home/bendisch/yocto/wegax/sources/meta-rtlwifi/recipes-bsp/drivers', 'BB_ENV_EXTRAWHITE': 'ALL_PROXY BBPATH_EXTRA BB_NO_NETWORK BB_NUMBER_THREADS BB_SETSCENE_ENFORCE BB_SRCREV_POLICY DISTRO FTPS_PROXY FTP_PROXY GIT_PROXY_COMMAND HTTPS_PROXY HTTP_PROXY MACHINE NO_PROXY PARALLEL_MAKE SCREENDIR SDKMACHINE SOCKS5_PASSWD SOCKS5_USER SSH_AGENT_PID SSH_AUTH_SOCK STAMPS_DIR TCLIBC TCMODE all_proxy ftp_proxy ftps_proxy http_proxy https_proxy no_proxy ', 'LC_ALL': 'en_US.UTF-8', 'LOGNAME': 'bendisch', 'SSH_CONNECTION': '172.16.21.30 45880 172.16.21.122 22', 'SSH_CLIENT': '172.16.21.30 45880 22', 'XDG_SESSION_ID': '2457', 'BUILDDIR': '/home/bendisch/yocto/wegax/build', 'HOME': '/home/bendisch'}, ['/home/bendisch/yocto/wegax/sources/poky/bitbake/bin/bitbake', 'phytec-headless-image']]
Running command ['getVariable', 'BBINCLUDELOGS']
Running command ['getVariable', 'BBINCLUDELOGS_LINES']
Running command ['getSetVariable', 'BB_CONSOLELOG']
Running command ['getUIHandlerNum']
Running command ['setEventMask', 1, 20, {}, ['bb.runqueue.runQueueExitWait', 'bb.event.LogExecTTY', 'logging.LogRecord', 'bb.build.TaskFailed', 'bb.build.TaskBase', 'bb.event.ParseStarted', 'bb.event.ParseProgress', 'bb.event.ParseCompleted', 'bb.event.CacheLoadStarted', 'bb.event.CacheLoadProgress', 'bb.event.CacheLoadCompleted', 'bb.command.CommandFailed', 'bb.command.CommandExit', 'bb.command.CommandCompleted', 'bb.cooker.CookerExit', 'bb.event.MultipleProviders', 'bb.event.NoProvider', 'bb.runqueue.sceneQueueTaskStarted', 'bb.runqueue.runQueueTaskStarted', 'bb.runqueue.runQueueTaskFailed', 'bb.runqueue.sceneQueueTaskFailed', 'bb.event.BuildBase', 'bb.build.TaskStarted', 'bb.build.TaskSucceeded', 'bb.build.TaskFailedSilent', 'bb.build.TaskProgress', 'bb.event.ProcessStarted', 'bb.event.ProcessProgress', 'bb.event.ProcessFinished']]
Running command ['getVariable', 'BB_DEFAULT_TASK']
Running command ['setConfig', 'cmd', 'build']
Running command ['buildTargets', ['phytec-headless-image'], 'build']
Connecting Client
Disconnecting Client
No timeout, exiting.
Exiting
